<?xml version="1.0" encoding="UTF-8"?>
<!-- Generated by org.testng.reporters.JUnitReportReporter -->
<testsuite skipped="0" hostname="HP-PC" name="com.banking.TestCases.TC_CustomerDelete_004" tests="1" failures="0" timestamp="2021-12-02T15:30:25 IST" time="4.440" errors="0">
  <testcase name="customerDelete" time="4.440" classname="com.banking.TestCases.TC_CustomerDelete_004"/>
  <system-out/>
</testsuite> <!-- com.banking.TestCases.TC_CustomerDelete_004 -->
