<?xml version="1.0" encoding="UTF-8"?>
<!-- Generated by org.testng.reporters.JUnitReportReporter -->
<testsuite skipped="0" hostname="HP-PC" name="com.banking.TestCases.Baseclass" tests="1" failures="0" timestamp="2021-12-05T17:08:42 IST" time="7.554" errors="0">
  <testcase name="test" time="7.554" classname="com.banking.TestCases.Baseclass"/>
  <system-out/>
</testsuite> <!-- com.banking.TestCases.Baseclass -->
