<?xml version="1.0" encoding="UTF-8"?>
<!-- Generated by org.testng.reporters.JUnitReportReporter -->
<testsuite skipped="0" hostname="HP-PC" name="TestCaseforSales.TC_SalesCreation_001" tests="1" failures="0" timestamp="2021-12-05T10:53:45 IST" time="30.477" errors="0">
  <testcase name="saleAdd" time="30.477" classname="TestCaseforSales.TC_SalesCreation_001"/>
  <system-out/>
</testsuite> <!-- TestCaseforSales.TC_SalesCreation_001 -->
